make all --print-data-base --no-builtin-variables --no-builtin-rules --question
# GNU Make 3.81
# Copyright (C) 2006  Free Software Foundation, Inc.
# This is free software; see the source for copying conditions.
# There is NO warranty; not even for MERCHANTABILITY or FITNESS FOR A
# PARTICULAR PURPOSE.

# This program built for i386-apple-darwin11.3.0

# Make data base, printed on Tue Feb  1 08:40:00 2022

# Variables

# automatic
<D = $(patsubst %/,%,$(dir $<))
# automatic
?F = $(notdir $?)
# environment
ELECTRON_NO_ATTACH_CONSOLE = 1
# environment
LC_CTYPE = UTF-8
# environment
VSCODE_LOG_NATIVE = false
# environment
NVM_INC = /Users/subotic/.nvm/versions/node/v12.18.3/include/node
# automatic
?D = $(patsubst %/,%,$(dir $?))
# environment
DIRENV_WATCHES = eJx0zk1q6zAQAOC7aO14pJE8Urx_ywfddFVKGeunFjhR8MhJofTu3Qd6gu97-1Yv3Fc1K3iVvAvIsbReI3x81r4eyxjbBRJLXE_yqCKQ5HbiW4UxX-9qUP9b6vWS1WzIWWMC-TCof19Vuqi570f-Gf4Sxq1F3kBW3jOkuufrHXjb2gPIBEQddbHIyRr0IXJZPFs6o3cJuXDAUDR5isYGKhPaKSDprCeXzsvTC5Fwcu7p9f4bAAD__61MTyE=
# automatic
@D = $(patsubst %/,%,$(dir $@))
# automatic
@F = $(notdir $@)
# makefile
CURDIR := /Users/subotic/_github.com/dasch-swiss/dsp-cpe-app
# makefile
SHELL = /bin/sh
# environment
VSCODE_NLS_CONFIG = {"locale":"en-gb","availableLanguages":{},"_languagePackSupport":true}
# environment
_ = /usr/bin/make
# environment
DIRENV_FILE = /Users/subotic/_github.com/dasch-swiss/dsp-api/.env
# makefile (from `vars.mk', line 1)
MAKEFILE_LIST :=  Makefile vars.mk
# environment
VSCODE_VERBOSE_LOGGING = true
# environment
__CFBundleIdentifier = com.microsoft.VSCode
# environment
DIRENV_DIFF = eJyU0cmyojoAxvF3yVoOcnGCqruIDBIQgwEEe5NiFLRahhgELd-96yy6en0e4P8tft8btEB9f2bgDtQ30BExDieqIwJUIIghK3omMp42jzoT6aV-VDz9yprfYp6wrBLYs2ZMzFkrJG0NZn9zE-0NoIKf5eJXcR_-bUQw0CzDByoo7HH-uknd6gWPEGvrBEuL1jY2YT_S6VnmuXlydgW_m9eKbNzKbsqAy8d8deHKWpDOg2xmkiPXpwEOiKWkQPK4kfpFMY3XdEvsfWzQqdOc49JK62gRjrGgdKGnpKsh8qXohaLI1YRAa0pJOfGuXq7npbArF_7YSaZ820byFd84L3srvqb_XTy0NY55nlpoIv0cxfYvz2SrRs5sHusw1MmyZuedU3mJ4-ttrxXxiw2BtjSfGV-3SrlIIdQpXUluMBn_f3tgzTGIhf0AqADMgHPABFJ9S4nhYR8FmJzpAbrf4Ld70yfCo2APMAN7rME9tbD78yvA5_MnAAD__w6Nr0Y=
# environment
VSCODE_IPC_HOOK_EXTHOST = /var/folders/y5/lzx7l8210lnd52jz23_tbztm0000gn/T/vscode-ipc-1fd9d82d-0c0b-474a-aed9-9ff0392d971c.sock
# environment
VSCODE_CWD = /Users/subotic/_github.com/dasch-swiss/dsp-cpe-app
# environment
PATH = /Users/subotic/.nix-profile/bin:/nix/var/nix/profiles/default/bin:/usr/local/bin:/usr/bin:/bin:/usr/sbin:/sbin:/Applications/VMware Fusion.app/Contents/Public:/Library/TeX/texbin:/opt/X11/bin:/Library/Apple/usr/bin:/usr/local/git/bin:/Users/subotic/.local/bin/:/Users/subotic/.cabal/bin:/Users/subotic/.ghcup/bin:/Users/subotic/.nix-profile/bin:/Users/subotic/.emacs.d/bin/:/Users/subotic/.nvm/versions/node/v12.18.3/bin:/Users/subotic/usr/local/sbin:/usr/local/sbin:/Users/subotic/go/bin:/Users/subotic/.local/share/nvim/plugged/fzf/bin
# environment
LSCOLORS = Gxfxcxdxbxegedabagacad
# makefile (from `vars.mk', line 11)
DOCKER_IMAGE := daschswiss/dsp-cpe-app:0.0.1
# makefile (from `vars.mk', line 1)
DOCKER_REPO := daschswiss/dsp-cpe-app
# environment
NVM_BIN = /Users/subotic/.nvm/versions/node/v12.18.3/bin
# environment
LaunchInstanceID = 38D4C12C-279A-476E-9889-AC44332EE671
# environment
VSCODE_LOG_STACK = false
# environment
ELECTRON_RUN_AS_NODE = 1
# default
.FEATURES := target-specific order-only second-expansion else-if archives jobserver check-symlink
# environment
SSH_AUTH_SOCK = /private/tmp/com.apple.launchd.w42HtvDnI8/Listeners
# makefile (from `Makefile', line 5)
CURRENT_DIR := /Users/subotic/_github.com/dasch-swiss/dsp-cpe-app
# automatic
%F = $(notdir $%)
# environment
DISPLAY = /private/tmp/com.apple.launchd.0lcKem5fbC/org.macosforge.xquartz:0
# environment
NIX_SSL_CERT_FILE = /Users/subotic/.nix-profile/etc/ssl/certs/ca-bundle.crt
# environment
KNORA_DB_REPOSITORY_NAME = knora-test
# environment
VSCODE_PIPE_LOGGING = true
# environment
SBT_OPTS = -Xms2048M -Xmx2048M -Xss6M
# environment
PWD = /Users/subotic/_github.com/dasch-swiss/dsp-cpe-app
# environment
PKG_CONFIG_PATH = /usr/local/lib/pkgconfig:
# environment
UPDATE_ZSH_DAYS = 7
# environment
ORIGINAL_XDG_CURRENT_DESKTOP = undefined
# environment
MANPATH = /usr/share/man:/usr/local/share/man:/Library/TeX/Distributions/.DefaultTeX/Contents/Man:/opt/X11/share/man:/Users/subotic/.nix-profile/share/man:/Users/subotic/.nvm/versions/node/v12.18.3/share/man:/usr/local/man
# environment
VSCODE_AMD_ENTRYPOINT = vs/workbench/services/extensions/node/extensionHostProcess
# environment
HOME = /Users/subotic
# environment
LD_LIBRARY_PATH = /usr/local/lib:
# default
MAKEFILEPATH := /Applications/Xcode.app/Contents/Developer/Makefiles
# environment
VSCODE_CLI = 1
# environment
VSCODE_CODE_CACHE_PATH = /Users/subotic/Library/Application Support/Code/CachedData/899d46d82c4c95423fb7e10e68eba52050e30ba3
# environment
LOGNAME = subotic
# environment
APPLICATION_INSIGHTS_NO_DIAGNOSTIC_CHANNEL = true
# environment
NVM_CD_FLAGS = -q
# environment
ZSH = /Users/subotic/.oh-my-zsh
# environment
VSCODE_HANDLES_UNCAUGHT_ERRORS = true
# automatic
^D = $(patsubst %/,%,$(dir $^))
# environment
HOSTNAME = iml-stargazer.localdomain
# environment
XPC_FLAGS = 0x0
# environment
COLORTERM = truecolor
# default
MAKE = $(MAKE_COMMAND)
# environment
LC_TERMINAL = iTerm2
# environment
DIRENV_DIR = -/Users/subotic/_github.com/dasch-swiss/dsp-api
# environment
SHLVL = 3
# environment
SSH_KEY_PATH = ~/.ssh/id_rsa
# environment
NIX_PATH = /Users/subotic/.nix-defexpr/channels
# environment
NIX_PROFILES = /nix/var/nix/profiles/default /Users/subotic/.nix-profile
# makefile (from `vars.mk', line 4)
BUILD_TAG := 0.0.1
# environment
JAVA_HOME = /Library/Java/JavaVirtualMachines/adoptopenjdk-11.jdk/Contents/Home
# default
MAKE_VERSION := 3.81
# environment
USER = subotic
# makefile (from `Makefile', line 43)
.DEFAULT_GOAL := help
# default
MAKECMDGOALS := all
# environment
TERM_SESSION_ID = w1t0p0:CF7E3814-F010-4DF1-97FD-9A09D0CB3650
# environment
LESS = -R
# automatic
%D = $(patsubst %/,%,$(dir $%))
# default
MAKE_COMMAND := /Applications/Xcode.app/Contents/Developer/usr/bin/make
# environment
TERM_PROGRAM = iTerm.app
# default
.VARIABLES := 
# environment
TMPDIR = /var/folders/y5/lzx7l8210lnd52jz23_tbztm0000gn/T/
# automatic
*F = $(notdir $*)
# environment
VSCODE_IPC_HOOK = /Users/subotic/Library/Application Support/Code/1.63.2-main.sock
# makefile
MAKEFLAGS = Rrqp
# environment
MFLAGS = -Rrqp
# automatic
*D = $(patsubst %/,%,$(dir $*))
# environment
TERM_PROGRAM_VERSION = 3.5.0beta3
# environment
NVM_DIR = /Users/subotic/.nvm
# environment
DOCKERHOST = 
# environment
XPC_SERVICE_NAME = application.com.microsoft.VSCode.901118060.901118071.B9451999-CFAC-407A-A10E-29A3C71E35C5
# environment
LC_TERMINAL_VERSION = 3.5.0beta3
# automatic
+D = $(patsubst %/,%,$(dir $+))
# automatic
+F = $(notdir $+)
# environment
TERMINFO_DIRS = /Applications/iTerm.app/Contents/Resources/terminfo:/usr/share/terminfo
# environment
ITERM_SESSION_ID = w1t0p0:CF7E3814-F010-4DF1-97FD-9A09D0CB3650
# environment
COLORFGBG = 7;0
# environment
__CF_USER_TEXT_ENCODING = 0x1F5:0x0:0x2
# environment
COMMAND_MODE = unix2003
# default
MAKEFILES := 
# automatic
<F = $(notdir $<)
# environment
ITERM_PROFILE = Default
# environment
DEVELOPER_DIR = /Applications/Xcode.app/Contents/Developer
# environment
GREN_GITHUB_TOKEN = d97bc698afd468595237e10a7e83fb8f3cc11101
# environment
EDITOR = nvim
# environment
PAGER = less
# environment
LC_ALL = C
# environment
SECURITYSESSIONID = 186a6
# automatic
^F = $(notdir $^)
# default
SUFFIXES := 
# environment
SDKROOT = /Applications/Xcode.app/Contents/Developer/Platforms/MacOSX.platform/Developer/SDKs/MacOSX.sdk
# default
.INCLUDE_DIRS = /usr/local/include
# environment
MAKELEVEL := 0
# makefile (from `Makefile', line 4)
THIS_FILE := /Users/subotic/_github.com/dasch-swiss/dsp-cpe-app/Makefile
# environment
LANG = C
# environment
TERM = xterm-256color
# environment
LOCAL_HOME = /Users/subotic/_github.com/dasch-swiss/dsp-api
# environment
VSCODE_PID = 41503
# variable set hash-table stats:
# Load=114/1024=11%, Rehash=0, Collisions=5/152=3%

# Pattern-specific Variable Values

# No pattern-specific variable values.

# Directories

 
make: *** No rule to make target `all'.  Stop.
 
# . (device 16777230, inode 877076809): 19 files, no impossibilities.

# 19 files, no impossibilities in 1 directories.

# Implicit Rules

# No implicit rules.

# Files

# Not a target:
all:
#  Command-line target.
#  Implicit rule search has been done.
#  File does not exist.
#  File has not been updated.
# variable set hash-table stats:
# Load=0/32=0%, Rehash=0, Collisions=0/0=0%

docker-build:
#  Phony target (prerequisite of .PHONY).
#  Implicit rule search has not been done.
#  File does not exist.
#  File has not been updated.
#  commands to execute (from `Makefile', line 14):
	docker buildx build --platform linux/amd64 -t $(DOCKER_IMAGE) -t $(DOCKER_REPO):latest --load .
	

.PHONY: docker-build docker-publish docker-run build test clean help
#  Implicit rule search has not been done.
#  Modification time never checked.
#  File has not been updated.

# Not a target:
.SUFFIXES:
#  Implicit rule search has not been done.
#  Modification time never checked.
#  File has not been updated.

docker-publish:
#  Phony target (prerequisite of .PHONY).
#  Implicit rule search has not been done.
#  File does not exist.
#  File has not been updated.
#  commands to execute (from `Makefile', line 18):
	docker buildx build --platform linux/amd64 -t $(DOCKER_IMAGE) -t $(DOCKER_REPO):latest --push .
	

# Not a target:
Makefile:
#  Implicit rule search has been done.
#  Last modified 2021-10-27 15:55:13
#  File has been updated.
#  Successfully updated.
# variable set hash-table stats:
# Load=0/32=0%, Rehash=0, Collisions=0/0=0%

test:
#  Phony target (prerequisite of .PHONY).
#  Implicit rule search has not been done.
#  File does not exist.
#  File has not been updated.
#  commands to execute (from `Makefile', line 32):
	@elm-test
	

build:
#  Phony target (prerequisite of .PHONY).
#  Implicit rule search has not been done.
#  File does not exist.
#  File has not been updated.
#  commands to execute (from `Makefile', line 26):
	@elm make src/Main.elm --output dist/elm.js --optimize
	@cp index.html dist/index.html
	@cp -R assets dist/assets
	

docker-run: docker-build
#  Phony target (prerequisite of .PHONY).
#  Implicit rule search has not been done.
#  File does not exist.
#  File has not been updated.
#  commands to execute (from `Makefile', line 22):
	docker run -p 4200:4200 $(DOCKER_IMAGE)
	

help:
#  Phony target (prerequisite of .PHONY).
#  Implicit rule search has not been done.
#  File does not exist.
#  File has not been updated.
#  commands to execute (from `Makefile', line 41):
	@awk 'BEGIN {FS = ":.*?## "} /^[a-zA-Z_-]+:.*?## / {printf "\033[36m%-30s\033[0m %s\n", $$1, $$2}' $(MAKEFILE_LIST) | sort
	

# Not a target:
.DEFAULT:
#  Implicit rule search has not been done.
#  Modification time never checked.
#  File has not been updated.

# Not a target:
vars.mk:
#  Implicit rule search has been done.
#  Last modified 2021-10-27 15:56:45
#  File has been updated.
#  Successfully updated.
# variable set hash-table stats:
# Load=0/32=0%, Rehash=0, Collisions=0/0=0%

clean:
#  Phony target (prerequisite of .PHONY).
#  Implicit rule search has not been done.
#  File does not exist.
#  File has not been updated.
#  commands to execute (from `Makefile', line 36):
	@rm -rf elm-stuff/
	@rm -rf dist/
	

# files hash-table stats:
# Load=13/1024=1%, Rehash=0, Collisions=0/40=0%
# VPATH Search Paths

# No `vpath' search paths.

# No general (`VPATH' variable) search path.

# # of strings in strcache: 2
# # of strcache buffers: 1
# strcache size: total = 4096 / max = 4096 / min = 4096 / avg = 4096
# strcache free: total = 4079 / max = 4079 / min = 4079 / avg = 4079

# Finished Make data base on Tue Feb  1 08:40:00 2022

 
